{"/home/johnny/Projects/TalentIncubatorITForYouthGhana/incubator-backend/src/config/jwt.config.js": {"path":"/home/johnny/Projects/TalentIncubatorITForYouthGhana/incubator-backend/src/config/jwt.config.js","statementMap":{"0":{"start":{"line":12,"column":32},"end":{"line":19,"column":1}},"1":{"start":{"line":13,"column":23},"end":{"line":13,"column":67}},"2":{"start":{"line":14,"column":22},"end":{"line":14,"column":75}},"3":{"start":{"line":14,"column":53},"end":{"line":14,"column":74}},"4":{"start":{"line":16,"column":2},"end":{"line":18,"column":3}},"5":{"start":{"line":17,"column":4},"end":{"line":17,"column":93}},"6":{"start":{"line":21,"column":0},"end":{"line":21,"column":26}},"7":{"start":{"line":23,"column":26},"end":{"line":68,"column":1}}},"fnMap":{"0":{"name":"(anonymous_0)","decl":{"start":{"line":12,"column":32},"end":{"line":12,"column":33}},"loc":{"start":{"line":12,"column":38},"end":{"line":19,"column":1}},"line":12},"1":{"name":"(anonymous_1)","decl":{"start":{"line":14,"column":42},"end":{"line":14,"column":43}},"loc":{"start":{"line":14,"column":53},"end":{"line":14,"column":74}},"line":14}},"branchMap":{"0":{"loc":{"start":{"line":16,"column":2},"end":{"line":18,"column":3}},"type":"if","locations":[{"start":{"line":16,"column":2},"end":{"line":18,"column":3}},{"start":{},"end":{}}],"line":16},"1":{"loc":{"start":{"line":16,"column":6},"end":{"line":16,"column":46}},"type":"binary-expr","locations":[{"start":{"line":16,"column":6},"end":{"line":16,"column":20}},{"start":{"line":16,"column":24},"end":{"line":16,"column":46}}],"line":16},"2":{"loc":{"start":{"line":24,"column":14},"end":{"line":24,"column":90}},"type":"binary-expr","locations":[{"start":{"line":24,"column":14},"end":{"line":24,"column":36}},{"start":{"line":24,"column":40},"end":{"line":24,"column":90}}],"line":24},"3":{"loc":{"start":{"line":25,"column":13},"end":{"line":25,"column":49}},"type":"binary-expr","locations":[{"start":{"line":25,"column":13},"end":{"line":25,"column":38}},{"start":{"line":25,"column":42},"end":{"line":25,"column":49}}],"line":25},"4":{"loc":{"start":{"line":29,"column":18},"end":{"line":29,"column":55}},"type":"binary-expr","locations":[{"start":{"line":29,"column":18},"end":{"line":29,"column":46}},{"start":{"line":29,"column":50},"end":{"line":29,"column":55}}],"line":29},"5":{"loc":{"start":{"line":30,"column":19},"end":{"line":30,"column":56}},"type":"binary-expr","locations":[{"start":{"line":30,"column":19},"end":{"line":30,"column":48}},{"start":{"line":30,"column":52},"end":{"line":30,"column":56}}],"line":30},"6":{"loc":{"start":{"line":31,"column":17},"end":{"line":31,"column":52}},"type":"binary-expr","locations":[{"start":{"line":31,"column":17},"end":{"line":31,"column":44}},{"start":{"line":31,"column":48},"end":{"line":31,"column":52}}],"line":31},"7":{"loc":{"start":{"line":32,"column":24},"end":{"line":32,"column":67}},"type":"binary-expr","locations":[{"start":{"line":32,"column":24},"end":{"line":32,"column":58}},{"start":{"line":32,"column":62},"end":{"line":32,"column":67}}],"line":32},"8":{"loc":{"start":{"line":36,"column":10},"end":{"line":36,"column":63}},"type":"binary-expr","locations":[{"start":{"line":36,"column":10},"end":{"line":36,"column":32}},{"start":{"line":36,"column":36},"end":{"line":36,"column":63}}],"line":36},"9":{"loc":{"start":{"line":37,"column":12},"end":{"line":37,"column":75}},"type":"binary-expr","locations":[{"start":{"line":37,"column":12},"end":{"line":37,"column":36}},{"start":{"line":37,"column":40},"end":{"line":37,"column":75}}],"line":37},"10":{"loc":{"start":{"line":50,"column":13},"end":{"line":50,"column":73}},"type":"binary-expr","locations":[{"start":{"line":50,"column":13},"end":{"line":50,"column":64}},{"start":{"line":50,"column":68},"end":{"line":50,"column":73}}],"line":50},"11":{"loc":{"start":{"line":51,"column":12},"end":{"line":51,"column":52}},"type":"binary-expr","locations":[{"start":{"line":51,"column":12},"end":{"line":51,"column":43}},{"start":{"line":51,"column":47},"end":{"line":51,"column":52}}],"line":51},"12":{"loc":{"start":{"line":57,"column":19},"end":{"line":57,"column":69}},"type":"binary-expr","locations":[{"start":{"line":57,"column":19},"end":{"line":57,"column":60}},{"start":{"line":57,"column":64},"end":{"line":57,"column":69}}],"line":57},"13":{"loc":{"start":{"line":59,"column":17},"end":{"line":59,"column":72}},"type":"binary-expr","locations":[{"start":{"line":59,"column":17},"end":{"line":59,"column":63}},{"start":{"line":59,"column":67},"end":{"line":59,"column":72}}],"line":59}},"s":{"0":1,"1":1,"2":1,"3":3,"4":1,"5":0,"6":1,"7":1},"f":{"0":1,"1":3},"b":{"0":[0,1],"1":[1,0],"2":[1,1],"3":[1,1],"4":[1,0],"5":[1,0],"6":[1,0],"7":[1,0],"8":[1,1],"9":[1,1],"10":[1,1],"11":[1,1],"12":[1,1],"13":[1,1]},"_coverageSchema":"1a1c01bbd47fc00a2c39e90264f33305004495a9","hash":"e5658fd366d272809d4a2d33aec78ee2247a4fb0"}
,"/home/johnny/Projects/TalentIncubatorITForYouthGhana/incubator-backend/src/modules/shared/base.model.js": {"path":"/home/johnny/Projects/TalentIncubatorITForYouthGhana/incubator-backend/src/modules/shared/base.model.js","statementMap":{"0":{"start":{"line":21,"column":4},"end":{"line":23,"column":5}},"1":{"start":{"line":22,"column":6},"end":{"line":22,"column":92}},"2":{"start":{"line":25,"column":4},"end":{"line":25,"column":45}},"3":{"start":{"line":26,"column":4},"end":{"line":30,"column":6}},"4":{"start":{"line":32,"column":23},"end":{"line":47,"column":5}},"5":{"start":{"line":49,"column":4},"end":{"line":49,"column":64}},"6":{"start":{"line":52,"column":4},"end":{"line":62,"column":7}},"7":{"start":{"line":53,"column":6},"end":{"line":61,"column":7}},"8":{"start":{"line":54,"column":8},"end":{"line":56,"column":9}},"9":{"start":{"line":55,"column":10},"end":{"line":55,"column":69}},"10":{"start":{"line":57,"column":8},"end":{"line":57,"column":37}},"11":{"start":{"line":58,"column":8},"end":{"line":58,"column":15}},"12":{"start":{"line":60,"column":8},"end":{"line":60,"column":20}},"13":{"start":{"line":65,"column":4},"end":{"line":78,"column":5}},"14":{"start":{"line":66,"column":31},"end":{"line":70,"column":7}},"15":{"start":{"line":67,"column":8},"end":{"line":69,"column":9}},"16":{"start":{"line":68,"column":10},"end":{"line":68,"column":43}},"17":{"start":{"line":72,"column":6},"end":{"line":72,"column":48}},"18":{"start":{"line":73,"column":6},"end":{"line":73,"column":51}},"19":{"start":{"line":74,"column":6},"end":{"line":74,"column":54}},"20":{"start":{"line":75,"column":6},"end":{"line":75,"column":53}},"21":{"start":{"line":76,"column":6},"end":{"line":76,"column":60}},"22":{"start":{"line":77,"column":6},"end":{"line":77,"column":58}},"23":{"start":{"line":81,"column":4},"end":{"line":105,"column":6}},"24":{"start":{"line":82,"column":6},"end":{"line":104,"column":7}},"25":{"start":{"line":83,"column":21},"end":{"line":83,"column":39}},"26":{"start":{"line":84,"column":22},"end":{"line":84,"column":64}},"27":{"start":{"line":86,"column":8},"end":{"line":88,"column":9}},"28":{"start":{"line":87,"column":10},"end":{"line":87,"column":39}},"29":{"start":{"line":90,"column":21},"end":{"line":90,"column":81}},"30":{"start":{"line":91,"column":22},"end":{"line":91,"column":63}},"31":{"start":{"line":93,"column":8},"end":{"line":101,"column":10}},"32":{"start":{"line":103,"column":8},"end":{"line":103,"column":61}},"33":{"start":{"line":108,"column":4},"end":{"line":114,"column":6}},"34":{"start":{"line":109,"column":6},"end":{"line":113,"column":7}},"35":{"start":{"line":110,"column":8},"end":{"line":110,"column":98}},"36":{"start":{"line":112,"column":8},"end":{"line":112,"column":64}},"37":{"start":{"line":117,"column":4},"end":{"line":128,"column":6}},"38":{"start":{"line":118,"column":6},"end":{"line":127,"column":7}},"39":{"start":{"line":119,"column":22},"end":{"line":119,"column":85}},"40":{"start":{"line":120,"column":8},"end":{"line":120,"column":37}},"41":{"start":{"line":121,"column":20},"end":{"line":121,"column":38}},"42":{"start":{"line":122,"column":8},"end":{"line":122,"column":30}},"43":{"start":{"line":122,"column":18},"end":{"line":122,"column":30}},"44":{"start":{"line":123,"column":8},"end":{"line":123,"column":72}},"45":{"start":{"line":123,"column":29},"end":{"line":123,"column":72}},"46":{"start":{"line":124,"column":8},"end":{"line":124,"column":19}},"47":{"start":{"line":126,"column":8},"end":{"line":126,"column":60}},"48":{"start":{"line":131,"column":4},"end":{"line":139,"column":6}},"49":{"start":{"line":132,"column":6},"end":{"line":138,"column":7}},"50":{"start":{"line":133,"column":22},"end":{"line":133,"column":48}},"51":{"start":{"line":134,"column":8},"end":{"line":134,"column":37}},"52":{"start":{"line":135,"column":8},"end":{"line":135,"column":34}},"53":{"start":{"line":137,"column":8},"end":{"line":137,"column":65}},"54":{"start":{"line":142,"column":4},"end":{"line":155,"column":6}},"55":{"start":{"line":143,"column":22},"end":{"line":143,"column":51}},"56":{"start":{"line":144,"column":6},"end":{"line":144,"column":33}},"57":{"start":{"line":145,"column":6},"end":{"line":154,"column":7}},"58":{"start":{"line":146,"column":23},"end":{"line":146,"column":46}},"59":{"start":{"line":147,"column":8},"end":{"line":147,"column":42}},"60":{"start":{"line":148,"column":8},"end":{"line":148,"column":22}},"61":{"start":{"line":150,"column":8},"end":{"line":150,"column":41}},"62":{"start":{"line":151,"column":8},"end":{"line":151,"column":20}},"63":{"start":{"line":153,"column":8},"end":{"line":153,"column":29}},"64":{"start":{"line":158,"column":4},"end":{"line":168,"column":6}},"65":{"start":{"line":159,"column":18},"end":{"line":159,"column":33}},"66":{"start":{"line":160,"column":6},"end":{"line":160,"column":21}},"67":{"start":{"line":162,"column":28},"end":{"line":162,"column":78}},"68":{"start":{"line":163,"column":6},"end":{"line":165,"column":9}},"69":{"start":{"line":164,"column":8},"end":{"line":164,"column":56}},"70":{"start":{"line":164,"column":38},"end":{"line":164,"column":56}},"71":{"start":{"line":167,"column":6},"end":{"line":167,"column":17}},"72":{"start":{"line":171,"column":4},"end":{"line":173,"column":7}},"73":{"start":{"line":172,"column":6},"end":{"line":172,"column":31}},"74":{"start":{"line":182,"column":4},"end":{"line":182,"column":50}}},"fnMap":{"0":{"name":"(anonymous_0)","decl":{"start":{"line":20,"column":2},"end":{"line":20,"column":3}},"loc":{"start":{"line":20,"column":46},"end":{"line":174,"column":3}},"line":20},"1":{"name":"(anonymous_1)","decl":{"start":{"line":52,"column":28},"end":{"line":52,"column":29}},"loc":{"start":{"line":52,"column":44},"end":{"line":62,"column":5}},"line":52},"2":{"name":"(anonymous_2)","decl":{"start":{"line":66,"column":31},"end":{"line":66,"column":32}},"loc":{"start":{"line":66,"column":43},"end":{"line":70,"column":7}},"line":66},"3":{"name":"(anonymous_3)","decl":{"start":{"line":81,"column":34},"end":{"line":81,"column":35}},"loc":{"start":{"line":81,"column":100},"end":{"line":105,"column":5}},"line":81},"4":{"name":"(anonymous_4)","decl":{"start":{"line":108,"column":37},"end":{"line":108,"column":38}},"loc":{"start":{"line":108,"column":57},"end":{"line":114,"column":5}},"line":108},"5":{"name":"(anonymous_5)","decl":{"start":{"line":117,"column":34},"end":{"line":117,"column":35}},"loc":{"start":{"line":117,"column":54},"end":{"line":128,"column":5}},"line":117},"6":{"name":"(anonymous_6)","decl":{"start":{"line":131,"column":38},"end":{"line":131,"column":39}},"loc":{"start":{"line":131,"column":58},"end":{"line":139,"column":5}},"line":131},"7":{"name":"(anonymous_7)","decl":{"start":{"line":142,"column":38},"end":{"line":142,"column":39}},"loc":{"start":{"line":142,"column":64},"end":{"line":155,"column":5}},"line":142},"8":{"name":"(anonymous_8)","decl":{"start":{"line":158,"column":38},"end":{"line":158,"column":39}},"loc":{"start":{"line":158,"column":62},"end":{"line":168,"column":5}},"line":158},"9":{"name":"(anonymous_9)","decl":{"start":{"line":163,"column":28},"end":{"line":163,"column":29}},"loc":{"start":{"line":163,"column":37},"end":{"line":165,"column":7}},"line":163},"10":{"name":"(anonymous_10)","decl":{"start":{"line":171,"column":41},"end":{"line":171,"column":42}},"loc":{"start":{"line":171,"column":53},"end":{"line":173,"column":5}},"line":171},"11":{"name":"(anonymous_11)","decl":{"start":{"line":181,"column":2},"end":{"line":181,"column":3}},"loc":{"start":{"line":181,"column":22},"end":{"line":183,"column":3}},"line":181}},"branchMap":{"0":{"loc":{"start":{"line":20,"column":32},"end":{"line":20,"column":44}},"type":"default-arg","locations":[{"start":{"line":20,"column":42},"end":{"line":20,"column":44}}],"line":20},"1":{"loc":{"start":{"line":21,"column":4},"end":{"line":23,"column":5}},"type":"if","locations":[{"start":{"line":21,"column":4},"end":{"line":23,"column":5}},{"start":{},"end":{}}],"line":21},"2":{"loc":{"start":{"line":54,"column":8},"end":{"line":56,"column":9}},"type":"if","locations":[{"start":{"line":54,"column":8},"end":{"line":56,"column":9}},{"start":{},"end":{}}],"line":54},"3":{"loc":{"start":{"line":54,"column":12},"end":{"line":54,"column":42}},"type":"binary-expr","locations":[{"start":{"line":54,"column":12},"end":{"line":54,"column":23}},{"start":{"line":54,"column":27},"end":{"line":54,"column":42}}],"line":54},"4":{"loc":{"start":{"line":65,"column":4},"end":{"line":78,"column":5}},"type":"if","locations":[{"start":{"line":65,"column":4},"end":{"line":78,"column":5}},{"start":{},"end":{}}],"line":65},"5":{"loc":{"start":{"line":67,"column":8},"end":{"line":69,"column":9}},"type":"if","locations":[{"start":{"line":67,"column":8},"end":{"line":69,"column":9}},{"start":{},"end":{}}],"line":67},"6":{"loc":{"start":{"line":81,"column":50},"end":{"line":81,"column":62}},"type":"default-arg","locations":[{"start":{"line":81,"column":60},"end":{"line":81,"column":62}}],"line":81},"7":{"loc":{"start":{"line":81,"column":64},"end":{"line":81,"column":72}},"type":"default-arg","locations":[{"start":{"line":81,"column":71},"end":{"line":81,"column":72}}],"line":81},"8":{"loc":{"start":{"line":81,"column":74},"end":{"line":81,"column":84}},"type":"default-arg","locations":[{"start":{"line":81,"column":82},"end":{"line":81,"column":84}}],"line":81},"9":{"loc":{"start":{"line":81,"column":86},"end":{"line":81,"column":98}},"type":"default-arg","locations":[{"start":{"line":81,"column":96},"end":{"line":81,"column":98}}],"line":81},"10":{"loc":{"start":{"line":86,"column":8},"end":{"line":88,"column":9}},"type":"if","locations":[{"start":{"line":86,"column":8},"end":{"line":88,"column":9}},{"start":{},"end":{}}],"line":86},"11":{"loc":{"start":{"line":122,"column":8},"end":{"line":122,"column":30}},"type":"if","locations":[{"start":{"line":122,"column":8},"end":{"line":122,"column":30}},{"start":{},"end":{}}],"line":122},"12":{"loc":{"start":{"line":123,"column":8},"end":{"line":123,"column":72}},"type":"if","locations":[{"start":{"line":123,"column":8},"end":{"line":123,"column":72}},{"start":{},"end":{}}],"line":123},"13":{"loc":{"start":{"line":158,"column":48},"end":{"line":158,"column":60}},"type":"default-arg","locations":[{"start":{"line":158,"column":58},"end":{"line":158,"column":60}}],"line":158},"14":{"loc":{"start":{"line":162,"column":28},"end":{"line":162,"column":78}},"type":"binary-expr","locations":[{"start":{"line":162,"column":28},"end":{"line":162,"column":43}},{"start":{"line":162,"column":47},"end":{"line":162,"column":78}}],"line":162},"15":{"loc":{"start":{"line":164,"column":8},"end":{"line":164,"column":56}},"type":"if","locations":[{"start":{"line":164,"column":8},"end":{"line":164,"column":56}},{"start":{},"end":{}}],"line":164}},"s":{"0":1,"1":0,"2":1,"3":1,"4":1,"5":1,"6":1,"7":14,"8":14,"9":0,"10":14,"11":14,"12":0,"13":1,"14":1,"15":2,"16":2,"17":1,"18":1,"19":1,"20":1,"21":1,"22":1,"23":1,"24":0,"25":0,"26":0,"27":0,"28":0,"29":0,"30":0,"31":0,"32":0,"33":1,"34":0,"35":0,"36":0,"37":1,"38":0,"39":0,"40":0,"41":0,"42":0,"43":0,"44":0,"45":0,"46":0,"47":0,"48":1,"49":0,"50":0,"51":0,"52":0,"53":0,"54":1,"55":0,"56":0,"57":0,"58":0,"59":0,"60":0,"61":0,"62":0,"63":0,"64":1,"65":0,"66":0,"67":0,"68":0,"69":0,"70":0,"71":0,"72":1,"73":0,"74":1},"f":{"0":1,"1":14,"2":2,"3":0,"4":0,"5":0,"6":0,"7":0,"8":0,"9":0,"10":0,"11":1},"b":{"0":[0],"1":[0,1],"2":[0,14],"3":[14,2],"4":[1,0],"5":[2,0],"6":[0],"7":[0],"8":[0],"9":[0],"10":[0,0],"11":[0,0],"12":[0,0],"13":[0],"14":[0,0],"15":[0,0]},"_coverageSchema":"1a1c01bbd47fc00a2c39e90264f33305004495a9","hash":"8de381245ac508a7fd0e7953cbf8b685139db89f"}
,"/home/johnny/Projects/TalentIncubatorITForYouthGhana/incubator-backend/src/modules/user/model/user.model.js": {"path":"/home/johnny/Projects/TalentIncubatorITForYouthGhana/incubator-backend/src/modules/user/model/user.model.js","statementMap":{"0":{"start":{"line":10,"column":29},"end":{"line":50,"column":5}},"1":{"start":{"line":52,"column":20},"end":{"line":54,"column":5}},"2":{"start":{"line":56,"column":4},"end":{"line":56,"column":37}},"3":{"start":{"line":59,"column":4},"end":{"line":59,"column":54}},"4":{"start":{"line":62,"column":4},"end":{"line":74,"column":7}},"5":{"start":{"line":63,"column":6},"end":{"line":73,"column":7}},"6":{"start":{"line":64,"column":8},"end":{"line":69,"column":9}},"7":{"start":{"line":66,"column":10},"end":{"line":68,"column":11}},"8":{"start":{"line":67,"column":12},"end":{"line":67,"column":83}},"9":{"start":{"line":70,"column":8},"end":{"line":70,"column":15}},"10":{"start":{"line":72,"column":8},"end":{"line":72,"column":20}},"11":{"start":{"line":77,"column":4},"end":{"line":80,"column":6}},"12":{"start":{"line":78,"column":6},"end":{"line":78,"column":68}},"13":{"start":{"line":79,"column":6},"end":{"line":79,"column":25}},"14":{"start":{"line":83,"column":4},"end":{"line":85,"column":6}},"15":{"start":{"line":84,"column":6},"end":{"line":84,"column":76}}},"fnMap":{"0":{"name":"(anonymous_0)","decl":{"start":{"line":9,"column":2},"end":{"line":9,"column":3}},"loc":{"start":{"line":9,"column":16},"end":{"line":86,"column":3}},"line":9},"1":{"name":"(anonymous_1)","decl":{"start":{"line":62,"column":28},"end":{"line":62,"column":29}},"loc":{"start":{"line":62,"column":50},"end":{"line":74,"column":5}},"line":62},"2":{"name":"(anonymous_2)","decl":{"start":{"line":77,"column":38},"end":{"line":77,"column":39}},"loc":{"start":{"line":77,"column":64},"end":{"line":80,"column":5}},"line":77},"3":{"name":"(anonymous_3)","decl":{"start":{"line":83,"column":41},"end":{"line":83,"column":42}},"loc":{"start":{"line":83,"column":67},"end":{"line":85,"column":5}},"line":83}},"branchMap":{"0":{"loc":{"start":{"line":64,"column":8},"end":{"line":69,"column":9}},"type":"if","locations":[{"start":{"line":64,"column":8},"end":{"line":69,"column":9}},{"start":{},"end":{}}],"line":64},"1":{"loc":{"start":{"line":66,"column":10},"end":{"line":68,"column":11}},"type":"if","locations":[{"start":{"line":66,"column":10},"end":{"line":68,"column":11}},{"start":{},"end":{}}],"line":66}},"s":{"0":1,"1":1,"2":1,"3":1,"4":1,"5":14,"6":14,"7":12,"8":10,"9":14,"10":0,"11":1,"12":1,"13":1,"14":1,"15":2},"f":{"0":1,"1":14,"2":1,"3":2},"b":{"0":[12,2],"1":[10,2]},"_coverageSchema":"1a1c01bbd47fc00a2c39e90264f33305004495a9","hash":"f58daa75905b34f9675e117ebc27cdbeee64e5a0"}
,"/home/johnny/Projects/TalentIncubatorITForYouthGhana/incubator-backend/src/test/setup/setup.db.js": {"path":"/home/johnny/Projects/TalentIncubatorITForYouthGhana/incubator-backend/src/test/setup/setup.db.js","statementMap":{"0":{"start":{"line":6,"column":25},"end":{"line":9,"column":1}},"1":{"start":{"line":7,"column":2},"end":{"line":7,"column":49}},"2":{"start":{"line":8,"column":2},"end":{"line":8,"column":47}},"3":{"start":{"line":11,"column":23},"end":{"line":16,"column":1}},"4":{"start":{"line":12,"column":22},"end":{"line":12,"column":53}},"5":{"start":{"line":13,"column":2},"end":{"line":15,"column":3}},"6":{"start":{"line":14,"column":4},"end":{"line":14,"column":40}},"7":{"start":{"line":18,"column":28},"end":{"line":22,"column":1}},"8":{"start":{"line":19,"column":2},"end":{"line":19,"column":43}},"9":{"start":{"line":20,"column":2},"end":{"line":20,"column":36}},"10":{"start":{"line":21,"column":2},"end":{"line":21,"column":27}}},"fnMap":{"0":{"name":"(anonymous_0)","decl":{"start":{"line":6,"column":25},"end":{"line":6,"column":26}},"loc":{"start":{"line":6,"column":37},"end":{"line":9,"column":1}},"line":6},"1":{"name":"(anonymous_1)","decl":{"start":{"line":11,"column":23},"end":{"line":11,"column":24}},"loc":{"start":{"line":11,"column":35},"end":{"line":16,"column":1}},"line":11},"2":{"name":"(anonymous_2)","decl":{"start":{"line":18,"column":28},"end":{"line":18,"column":29}},"loc":{"start":{"line":18,"column":40},"end":{"line":22,"column":1}},"line":18}},"branchMap":{},"s":{"0":1,"1":1,"2":1,"3":1,"4":0,"5":0,"6":0,"7":1,"8":1,"9":1,"10":1},"f":{"0":1,"1":0,"2":1},"b":{},"_coverageSchema":"1a1c01bbd47fc00a2c39e90264f33305004495a9","hash":"46c4ae1136b5d133b100247c5247c5db595297d3"}
,"/home/johnny/Projects/TalentIncubatorITForYouthGhana/incubator-backend/src/utils/constants.js": {"path":"/home/johnny/Projects/TalentIncubatorITForYouthGhana/incubator-backend/src/utils/constants.js","statementMap":{"0":{"start":{"line":8,"column":33},"end":{"line":20,"column":1}},"1":{"start":{"line":23,"column":34},"end":{"line":27,"column":1}},"2":{"start":{"line":30,"column":21},"end":{"line":34,"column":1}},"3":{"start":{"line":36,"column":29},"end":{"line":41,"column":1}},"4":{"start":{"line":44,"column":30},"end":{"line":49,"column":1}},"5":{"start":{"line":51,"column":27},"end":{"line":51,"column":29}},"6":{"start":{"line":52,"column":34},"end":{"line":52,"column":35}},"7":{"start":{"line":53,"column":45},"end":{"line":53,"column":47}},"8":{"start":{"line":56,"column":32},"end":{"line":56,"column":33}},"9":{"start":{"line":57,"column":34},"end":{"line":63,"column":1}},"10":{"start":{"line":66,"column":26},"end":{"line":69,"column":1}},"11":{"start":{"line":72,"column":31},"end":{"line":78,"column":1}},"12":{"start":{"line":81,"column":31},"end":{"line":90,"column":1}},"13":{"start":{"line":93,"column":33},"end":{"line":93,"column":37}},"14":{"start":{"line":94,"column":39},"end":{"line":94,"column":43}},"15":{"start":{"line":95,"column":43},"end":{"line":95,"column":44}},"16":{"start":{"line":96,"column":43},"end":{"line":96,"column":47}},"17":{"start":{"line":99,"column":35},"end":{"line":99,"column":47}},"18":{"start":{"line":100,"column":32},"end":{"line":100,"column":36}},"19":{"start":{"line":101,"column":33},"end":{"line":101,"column":47}},"20":{"start":{"line":102,"column":27},"end":{"line":102,"column":39}},"21":{"start":{"line":103,"column":31},"end":{"line":103,"column":52}},"22":{"start":{"line":106,"column":29},"end":{"line":110,"column":1}},"23":{"start":{"line":115,"column":30},"end":{"line":179,"column":1}},"24":{"start":{"line":184,"column":32},"end":{"line":195,"column":1}},"25":{"start":{"line":200,"column":27},"end":{"line":200,"column":31}},"26":{"start":{"line":201,"column":26},"end":{"line":201,"column":47}},"27":{"start":{"line":202,"column":38},"end":{"line":202,"column":44}},"28":{"start":{"line":207,"column":26},"end":{"line":213,"column":1}},"29":{"start":{"line":218,"column":39},"end":{"line":218,"column":41}},"30":{"start":{"line":219,"column":38},"end":{"line":219,"column":40}},"31":{"start":{"line":224,"column":30},"end":{"line":224,"column":44}},"32":{"start":{"line":225,"column":26},"end":{"line":225,"column":42}}},"fnMap":{},"branchMap":{"0":{"loc":{"start":{"line":45,"column":16},"end":{"line":45,"column":54}},"type":"binary-expr","locations":[{"start":{"line":45,"column":16},"end":{"line":45,"column":45}},{"start":{"line":45,"column":49},"end":{"line":45,"column":54}}],"line":45},"1":{"loc":{"start":{"line":46,"column":17},"end":{"line":46,"column":55}},"type":"binary-expr","locations":[{"start":{"line":46,"column":17},"end":{"line":46,"column":47}},{"start":{"line":46,"column":51},"end":{"line":46,"column":55}}],"line":46},"2":{"loc":{"start":{"line":47,"column":15},"end":{"line":47,"column":51}},"type":"binary-expr","locations":[{"start":{"line":47,"column":15},"end":{"line":47,"column":43}},{"start":{"line":47,"column":47},"end":{"line":47,"column":51}}],"line":47},"3":{"loc":{"start":{"line":48,"column":22},"end":{"line":48,"column":60}},"type":"binary-expr","locations":[{"start":{"line":48,"column":22},"end":{"line":48,"column":51}},{"start":{"line":48,"column":55},"end":{"line":48,"column":60}}],"line":48}},"s":{"0":1,"1":1,"2":1,"3":1,"4":1,"5":1,"6":1,"7":1,"8":1,"9":1,"10":1,"11":1,"12":1,"13":1,"14":1,"15":1,"16":1,"17":1,"18":1,"19":1,"20":1,"21":1,"22":1,"23":1,"24":1,"25":1,"26":1,"27":1,"28":1,"29":1,"30":1,"31":1,"32":1},"f":{},"b":{"0":[1,1],"1":[1,1],"2":[1,1],"3":[1,1]},"_coverageSchema":"1a1c01bbd47fc00a2c39e90264f33305004495a9","hash":"343a97725703d480727b513d42fcd25b7440d467"}
,"/home/johnny/Projects/TalentIncubatorITForYouthGhana/incubator-backend/src/utils/environment.js": {"path":"/home/johnny/Projects/TalentIncubatorITForYouthGhana/incubator-backend/src/utils/environment.js","statementMap":{"0":{"start":{"line":3,"column":28},"end":{"line":3,"column":71}},"1":{"start":{"line":3,"column":34},"end":{"line":3,"column":71}},"2":{"start":{"line":4,"column":29},"end":{"line":4,"column":73}},"3":{"start":{"line":4,"column":35},"end":{"line":4,"column":73}},"4":{"start":{"line":5,"column":22},"end":{"line":5,"column":59}},"5":{"start":{"line":5,"column":28},"end":{"line":5,"column":59}}},"fnMap":{"0":{"name":"(anonymous_0)","decl":{"start":{"line":3,"column":28},"end":{"line":3,"column":29}},"loc":{"start":{"line":3,"column":34},"end":{"line":3,"column":71}},"line":3},"1":{"name":"(anonymous_1)","decl":{"start":{"line":4,"column":29},"end":{"line":4,"column":30}},"loc":{"start":{"line":4,"column":35},"end":{"line":4,"column":73}},"line":4},"2":{"name":"(anonymous_2)","decl":{"start":{"line":5,"column":22},"end":{"line":5,"column":23}},"loc":{"start":{"line":5,"column":28},"end":{"line":5,"column":59}},"line":5}},"branchMap":{},"s":{"0":1,"1":1,"2":1,"3":0,"4":1,"5":0},"f":{"0":1,"1":0,"2":0},"b":{},"_coverageSchema":"1a1c01bbd47fc00a2c39e90264f33305004495a9","hash":"04d33f311fde222d257810c3f0b73a24c753a908"}
,"/home/johnny/Projects/TalentIncubatorITForYouthGhana/incubator-backend/src/utils/helpers/auth.helpers.js": {"path":"/home/johnny/Projects/TalentIncubatorITForYouthGhana/incubator-backend/src/utils/helpers/auth.helpers.js","statementMap":{"0":{"start":{"line":13,"column":19},"end":{"line":13,"column":22}},"1":{"start":{"line":25,"column":4},"end":{"line":44,"column":5}},"2":{"start":{"line":26,"column":24},"end":{"line":26,"column":105}},"3":{"start":{"line":27,"column":22},"end":{"line":33,"column":7}},"4":{"start":{"line":35,"column":6},"end":{"line":41,"column":9}},"5":{"start":{"line":43,"column":6},"end":{"line":43,"column":67}},"6":{"start":{"line":54,"column":4},"end":{"line":64,"column":5}},"7":{"start":{"line":55,"column":6},"end":{"line":61,"column":9}},"8":{"start":{"line":63,"column":6},"end":{"line":63,"column":69}},"9":{"start":{"line":74,"column":4},"end":{"line":78,"column":5}},"10":{"start":{"line":75,"column":6},"end":{"line":75,"column":59}},"11":{"start":{"line":77,"column":6},"end":{"line":77,"column":67}},"12":{"start":{"line":89,"column":4},"end":{"line":93,"column":5}},"13":{"start":{"line":90,"column":6},"end":{"line":90,"column":65}},"14":{"start":{"line":92,"column":6},"end":{"line":92,"column":70}}},"fnMap":{"0":{"name":"(anonymous_0)","decl":{"start":{"line":24,"column":2},"end":{"line":24,"column":3}},"loc":{"start":{"line":24,"column":71},"end":{"line":45,"column":3}},"line":24},"1":{"name":"(anonymous_1)","decl":{"start":{"line":53,"column":2},"end":{"line":53,"column":3}},"loc":{"start":{"line":53,"column":28},"end":{"line":65,"column":3}},"line":53},"2":{"name":"(anonymous_2)","decl":{"start":{"line":73,"column":2},"end":{"line":73,"column":3}},"loc":{"start":{"line":73,"column":43},"end":{"line":79,"column":3}},"line":73},"3":{"name":"(anonymous_3)","decl":{"start":{"line":88,"column":2},"end":{"line":88,"column":3}},"loc":{"start":{"line":88,"column":62},"end":{"line":94,"column":3}},"line":88}},"branchMap":{"0":{"loc":{"start":{"line":24,"column":31},"end":{"line":24,"column":47}},"type":"default-arg","locations":[{"start":{"line":24,"column":38},"end":{"line":24,"column":47}}],"line":24},"1":{"loc":{"start":{"line":24,"column":49},"end":{"line":24,"column":69}},"type":"default-arg","locations":[{"start":{"line":24,"column":61},"end":{"line":24,"column":69}}],"line":24},"2":{"loc":{"start":{"line":26,"column":24},"end":{"line":26,"column":105}},"type":"binary-expr","locations":[{"start":{"line":26,"column":24},"end":{"line":26,"column":74}},{"start":{"line":26,"column":78},"end":{"line":26,"column":105}}],"line":26},"3":{"loc":{"start":{"line":30,"column":12},"end":{"line":30,"column":75}},"type":"binary-expr","locations":[{"start":{"line":30,"column":12},"end":{"line":30,"column":50}},{"start":{"line":30,"column":54},"end":{"line":30,"column":75}}],"line":30},"4":{"loc":{"start":{"line":31,"column":12},"end":{"line":31,"column":64}},"type":"binary-expr","locations":[{"start":{"line":31,"column":12},"end":{"line":31,"column":50}},{"start":{"line":31,"column":54},"end":{"line":31,"column":64}}],"line":31},"5":{"loc":{"start":{"line":32,"column":12},"end":{"line":32,"column":86}},"type":"binary-expr","locations":[{"start":{"line":32,"column":12},"end":{"line":32,"column":48}},{"start":{"line":32,"column":52},"end":{"line":32,"column":86}}],"line":32}},"s":{"0":1,"1":0,"2":0,"3":0,"4":0,"5":0,"6":0,"7":0,"8":0,"9":12,"10":12,"11":0,"12":2,"13":2,"14":0},"f":{"0":0,"1":0,"2":12,"3":2},"b":{"0":[0],"1":[0],"2":[0,0],"3":[0,0],"4":[0,0],"5":[0,0]},"_coverageSchema":"1a1c01bbd47fc00a2c39e90264f33305004495a9","hash":"aa88a4c4b2b3c111a07c914b749303f8374e58ff"}
}
