TN:
SF:src/config/jwt.config.js
FN:12,(anonymous_0)
FN:14,(anonymous_1)
FNF:2
FNH:2
FNDA:1,(anonymous_0)
FNDA:3,(anonymous_1)
DA:12,1
DA:13,1
DA:14,3
DA:16,1
DA:17,0
DA:21,1
DA:23,1
LF:7
LH:6
BRDA:16,0,0,0
BRDA:16,0,1,1
BRDA:16,1,0,1
BRDA:16,1,1,0
BRDA:24,2,0,1
BRDA:24,2,1,1
BRDA:25,3,0,1
BRDA:25,3,1,1
BRDA:29,4,0,1
BRDA:29,4,1,0
BRDA:30,5,0,1
BRDA:30,5,1,0
BRDA:31,6,0,1
BRDA:31,6,1,0
BRDA:32,7,0,1
BRDA:32,7,1,0
BRDA:36,8,0,1
BRDA:36,8,1,1
BRDA:37,9,0,1
BRDA:37,9,1,1
BRDA:50,10,0,1
BRDA:50,10,1,1
BRDA:51,11,0,1
BRDA:51,11,1,1
BRDA:57,12,0,1
BRDA:57,12,1,1
BRDA:59,13,0,1
BRDA:59,13,1,1
BRF:28
BRH:22
end_of_record
TN:
SF:src/modules/shared/base.model.js
FN:20,(anonymous_0)
FN:52,(anonymous_1)
FN:66,(anonymous_2)
FN:81,(anonymous_3)
FN:108,(anonymous_4)
FN:117,(anonymous_5)
FN:131,(anonymous_6)
FN:142,(anonymous_7)
FN:158,(anonymous_8)
FN:163,(anonymous_9)
FN:171,(anonymous_10)
FN:181,(anonymous_11)
FNF:12
FNH:4
FNDA:1,(anonymous_0)
FNDA:14,(anonymous_1)
FNDA:2,(anonymous_2)
FNDA:0,(anonymous_3)
FNDA:0,(anonymous_4)
FNDA:0,(anonymous_5)
FNDA:0,(anonymous_6)
FNDA:0,(anonymous_7)
FNDA:0,(anonymous_8)
FNDA:0,(anonymous_9)
FNDA:0,(anonymous_10)
FNDA:1,(anonymous_11)
DA:21,1
DA:22,0
DA:25,1
DA:26,1
DA:32,1
DA:49,1
DA:52,1
DA:53,14
DA:54,14
DA:55,0
DA:57,14
DA:58,14
DA:60,0
DA:65,1
DA:66,1
DA:67,2
DA:68,2
DA:72,1
DA:73,1
DA:74,1
DA:75,1
DA:76,1
DA:77,1
DA:81,1
DA:82,0
DA:83,0
DA:84,0
DA:86,0
DA:87,0
DA:90,0
DA:91,0
DA:93,0
DA:103,0
DA:108,1
DA:109,0
DA:110,0
DA:112,0
DA:117,1
DA:118,0
DA:119,0
DA:120,0
DA:121,0
DA:122,0
DA:123,0
DA:124,0
DA:126,0
DA:131,1
DA:132,0
DA:133,0
DA:134,0
DA:135,0
DA:137,0
DA:142,1
DA:143,0
DA:144,0
DA:145,0
DA:146,0
DA:147,0
DA:148,0
DA:150,0
DA:151,0
DA:153,0
DA:158,1
DA:159,0
DA:160,0
DA:162,0
DA:163,0
DA:164,0
DA:167,0
DA:171,1
DA:172,0
DA:182,1
LF:72
LH:28
BRDA:20,0,0,0
BRDA:21,1,0,0
BRDA:21,1,1,1
BRDA:54,2,0,0
BRDA:54,2,1,14
BRDA:54,3,0,14
BRDA:54,3,1,2
BRDA:65,4,0,1
BRDA:65,4,1,0
BRDA:67,5,0,2
BRDA:67,5,1,0
BRDA:81,6,0,0
BRDA:81,7,0,0
BRDA:81,8,0,0
BRDA:81,9,0,0
BRDA:86,10,0,0
BRDA:86,10,1,0
BRDA:122,11,0,0
BRDA:122,11,1,0
BRDA:123,12,0,0
BRDA:123,12,1,0
BRDA:158,13,0,0
BRDA:162,14,0,0
BRDA:162,14,1,0
BRDA:164,15,0,0
BRDA:164,15,1,0
BRF:26
BRH:6
end_of_record
TN:
SF:src/modules/user/model/user.model.js
FN:9,(anonymous_0)
FN:62,(anonymous_1)
FN:77,(anonymous_2)
FN:83,(anonymous_3)
FNF:4
FNH:4
FNDA:1,(anonymous_0)
FNDA:14,(anonymous_1)
FNDA:1,(anonymous_2)
FNDA:2,(anonymous_3)
DA:10,1
DA:52,1
DA:56,1
DA:59,1
DA:62,1
DA:63,14
DA:64,14
DA:66,12
DA:67,10
DA:70,14
DA:72,0
DA:77,1
DA:78,1
DA:79,1
DA:83,1
DA:84,2
LF:16
LH:15
BRDA:64,0,0,12
BRDA:64,0,1,2
BRDA:66,1,0,10
BRDA:66,1,1,2
BRF:4
BRH:4
end_of_record
TN:
SF:src/test/setup/setup.db.js
FN:6,(anonymous_0)
FN:11,(anonymous_1)
FN:18,(anonymous_2)
FNF:3
FNH:2
FNDA:1,(anonymous_0)
FNDA:0,(anonymous_1)
FNDA:1,(anonymous_2)
DA:6,1
DA:7,1
DA:8,1
DA:11,1
DA:12,0
DA:13,0
DA:14,0
DA:18,1
DA:19,1
DA:20,1
DA:21,1
LF:11
LH:8
BRF:0
BRH:0
end_of_record
TN:
SF:src/utils/constants.js
FNF:0
FNH:0
DA:8,1
DA:23,1
DA:30,1
DA:36,1
DA:44,1
DA:51,1
DA:52,1
DA:53,1
DA:56,1
DA:57,1
DA:66,1
DA:72,1
DA:81,1
DA:93,1
DA:94,1
DA:95,1
DA:96,1
DA:99,1
DA:100,1
DA:101,1
DA:102,1
DA:103,1
DA:106,1
DA:115,1
DA:184,1
DA:200,1
DA:201,1
DA:202,1
DA:207,1
DA:218,1
DA:219,1
DA:224,1
DA:225,1
LF:33
LH:33
BRDA:45,0,0,1
BRDA:45,0,1,1
BRDA:46,1,0,1
BRDA:46,1,1,1
BRDA:47,2,0,1
BRDA:47,2,1,1
BRDA:48,3,0,1
BRDA:48,3,1,1
BRF:8
BRH:8
end_of_record
TN:
SF:src/utils/environment.js
FN:3,(anonymous_0)
FN:4,(anonymous_1)
FN:5,(anonymous_2)
FNF:3
FNH:1
FNDA:1,(anonymous_0)
FNDA:0,(anonymous_1)
FNDA:0,(anonymous_2)
DA:3,1
DA:4,1
DA:5,1
LF:3
LH:3
BRF:0
BRH:0
end_of_record
TN:
SF:src/utils/helpers/auth.helpers.js
FN:24,(anonymous_0)
FN:53,(anonymous_1)
FN:73,(anonymous_2)
FN:88,(anonymous_3)
FNF:4
FNH:2
FNDA:0,(anonymous_0)
FNDA:0,(anonymous_1)
FNDA:12,(anonymous_2)
FNDA:2,(anonymous_3)
DA:13,1
DA:25,0
DA:26,0
DA:27,0
DA:35,0
DA:43,0
DA:54,0
DA:55,0
DA:63,0
DA:74,12
DA:75,12
DA:77,0
DA:89,2
DA:90,2
DA:92,0
LF:15
LH:5
BRDA:24,0,0,0
BRDA:24,1,0,0
BRDA:26,2,0,0
BRDA:26,2,1,0
BRDA:30,3,0,0
BRDA:30,3,1,0
BRDA:31,4,0,0
BRDA:31,4,1,0
BRDA:32,5,0,0
BRDA:32,5,1,0
BRF:10
BRH:0
end_of_record
